<?xml version="1.0" encoding="UTF-8"?>
<testsuite name="com.example.hellowrld.HellowrldApplicationTests" tests="1" skipped="0" failures="0" errors="0" timestamp="2019-10-10T11:50:07" hostname="trinity-HP-ProBook-6570b" time="0.363">
  <properties/>
  <testcase name="contextLoads" classname="com.example.hellowrld.HellowrldApplicationTests" time="0.363"/>
  <system-out><![CDATA[13:50:02.956 [Test worker] DEBUG org.springframework.test.context.junit4.SpringJUnit4ClassRunner - SpringJUnit4ClassRunner constructor called with [class com.example.hellowrld.HellowrldApplicationTests]
13:50:02.980 [Test worker] DEBUG org.springframework.test.context.BootstrapUtils - Instantiating CacheAwareContextLoaderDelegate from class [org.springframework.test.context.cache.DefaultCacheAwareContextLoaderDelegate]
13:50:02.994 [Test worker] DEBUG org.springframework.test.context.BootstrapUtils - Instantiating BootstrapContext using constructor [public org.springframework.test.context.support.DefaultBootstrapContext(java.lang.Class,org.springframework.test.context.CacheAwareContextLoaderDelegate)]
13:50:03.024 [Test worker] DEBUG org.springframework.test.context.BootstrapUtils - Instantiating TestContextBootstrapper for test class [com.example.hellowrld.HellowrldApplicationTests] from class [org.springframework.boot.test.context.SpringBootTestContextBootstrapper]
13:50:03.043 [Test worker] INFO org.springframework.boot.test.context.SpringBootTestContextBootstrapper - Neither @ContextConfiguration nor @ContextHierarchy found for test class [com.example.hellowrld.HellowrldApplicationTests], using SpringBootContextLoader
13:50:03.051 [Test worker] DEBUG org.springframework.test.context.support.AbstractContextLoader - Did not detect default resource location for test class [com.example.hellowrld.HellowrldApplicationTests]: class path resource [com/example/hellowrld/HellowrldApplicationTests-context.xml] does not exist
13:50:03.053 [Test worker] DEBUG org.springframework.test.context.support.AbstractContextLoader - Did not detect default resource location for test class [com.example.hellowrld.HellowrldApplicationTests]: class path resource [com/example/hellowrld/HellowrldApplicationTestsContext.groovy] does not exist
13:50:03.054 [Test worker] INFO org.springframework.test.context.support.AbstractContextLoader - Could not detect default resource locations for test class [com.example.hellowrld.HellowrldApplicationTests]: no resource found for suffixes {-context.xml, Context.groovy}.
13:50:03.056 [Test worker] INFO org.springframework.test.context.support.AnnotationConfigContextLoaderUtils - Could not detect default configuration classes for test class [com.example.hellowrld.HellowrldApplicationTests]: HellowrldApplicationTests does not declare any static, non-private, non-final, nested classes annotated with @Configuration.
13:50:03.128 [Test worker] DEBUG org.springframework.test.context.support.ActiveProfilesUtils - Could not find an 'annotation declaring class' for annotation type [org.springframework.test.context.ActiveProfiles] and class [com.example.hellowrld.HellowrldApplicationTests]
13:50:03.221 [Test worker] DEBUG org.springframework.context.annotation.ClassPathScanningCandidateComponentProvider - Identified candidate component class: file [/home/trinity/Downloads/projects/greenfox/devops/hellowrld/build/classes/java/main/com/example/hellowrld/HellowrldApplication.class]
13:50:03.241 [Test worker] INFO org.springframework.boot.test.context.SpringBootTestContextBootstrapper - Found @SpringBootConfiguration com.example.hellowrld.HellowrldApplication for test class com.example.hellowrld.HellowrldApplicationTests
13:50:03.359 [Test worker] DEBUG org.springframework.boot.test.context.SpringBootTestContextBootstrapper - @TestExecutionListeners is not present for class [com.example.hellowrld.HellowrldApplicationTests]: using defaults.
13:50:03.360 [Test worker] INFO org.springframework.boot.test.context.SpringBootTestContextBootstrapper - Loaded default TestExecutionListener class names from location [META-INF/spring.factories]: [org.springframework.boot.test.autoconfigure.restdocs.RestDocsTestExecutionListener, org.springframework.boot.test.autoconfigure.web.client.MockRestServiceServerResetTestExecutionListener, org.springframework.boot.test.autoconfigure.web.servlet.MockMvcPrintOnlyOnFailureTestExecutionListener, org.springframework.boot.test.autoconfigure.web.servlet.WebDriverTestExecutionListener, org.springframework.boot.test.mock.mockito.MockitoTestExecutionListener, org.springframework.boot.test.mock.mockito.ResetMocksTestExecutionListener, org.springframework.test.context.web.ServletTestExecutionListener, org.springframework.test.context.support.DirtiesContextBeforeModesTestExecutionListener, org.springframework.test.context.support.DependencyInjectionTestExecutionListener, org.springframework.test.context.support.DirtiesContextTestExecutionListener, org.springframework.test.context.transaction.TransactionalTestExecutionListener, org.springframework.test.context.jdbc.SqlScriptsTestExecutionListener]
13:50:03.377 [Test worker] DEBUG org.springframework.boot.test.context.SpringBootTestContextBootstrapper - Skipping candidate TestExecutionListener [org.springframework.test.context.transaction.TransactionalTestExecutionListener] due to a missing dependency. Specify custom listener classes or make the default listener classes and their required dependencies available. Offending class: [org/springframework/transaction/interceptor/TransactionAttributeSource]
13:50:03.378 [Test worker] DEBUG org.springframework.boot.test.context.SpringBootTestContextBootstrapper - Skipping candidate TestExecutionListener [org.springframework.test.context.jdbc.SqlScriptsTestExecutionListener] due to a missing dependency. Specify custom listener classes or make the default listener classes and their required dependencies available. Offending class: [org/springframework/transaction/interceptor/TransactionAttribute]
13:50:03.379 [Test worker] INFO org.springframework.boot.test.context.SpringBootTestContextBootstrapper - Using TestExecutionListeners: [org.springframework.test.context.web.ServletTestExecutionListener@7e5c3c4f, org.springframework.test.context.support.DirtiesContextBeforeModesTestExecutionListener@48f6c446, org.springframework.boot.test.mock.mockito.MockitoTestExecutionListener@234bdb03, org.springframework.boot.test.autoconfigure.SpringBootDependencyInjectionTestExecutionListener@6fa7a2d0, org.springframework.test.context.support.DirtiesContextTestExecutionListener@7086552f, org.springframework.boot.test.autoconfigure.restdocs.RestDocsTestExecutionListener@e2c6b8d, org.springframework.boot.test.autoconfigure.web.client.MockRestServiceServerResetTestExecutionListener@73422a88, org.springframework.boot.test.autoconfigure.web.servlet.MockMvcPrintOnlyOnFailureTestExecutionListener@21a1b712, org.springframework.boot.test.autoconfigure.web.servlet.WebDriverTestExecutionListener@634cb124, org.springframework.boot.test.mock.mockito.ResetMocksTestExecutionListener@ed1dec3]
13:50:03.384 [Test worker] DEBUG org.springframework.test.annotation.ProfileValueUtils - Retrieved @ProfileValueSourceConfiguration [null] for test class [com.example.hellowrld.HellowrldApplicationTests]
13:50:03.385 [Test worker] DEBUG org.springframework.test.annotation.ProfileValueUtils - Retrieved ProfileValueSource type [class org.springframework.test.annotation.SystemProfileValueSource] for class [com.example.hellowrld.HellowrldApplicationTests]
13:50:03.386 [Test worker] DEBUG org.springframework.test.annotation.ProfileValueUtils - Retrieved @ProfileValueSourceConfiguration [null] for test class [com.example.hellowrld.HellowrldApplicationTests]
13:50:03.386 [Test worker] DEBUG org.springframework.test.annotation.ProfileValueUtils - Retrieved ProfileValueSource type [class org.springframework.test.annotation.SystemProfileValueSource] for class [com.example.hellowrld.HellowrldApplicationTests]
13:50:03.396 [Test worker] DEBUG org.springframework.test.context.support.AbstractDirtiesContextTestExecutionListener - Before test class: context [DefaultTestContext@40b8c679 testClass = HellowrldApplicationTests, testInstance = [null], testMethod = [null], testException = [null], mergedContextConfiguration = [WebMergedContextConfiguration@1b144126 testClass = HellowrldApplicationTests, locations = '{}', classes = '{class com.example.hellowrld.HellowrldApplication}', contextInitializerClasses = '[]', activeProfiles = '{}', propertySourceLocations = '{}', propertySourceProperties = '{org.springframework.boot.test.context.SpringBootTestContextBootstrapper=true}', contextCustomizers = set[org.springframework.boot.test.autoconfigure.properties.PropertyMappingContextCustomizer@0, org.springframework.boot.test.autoconfigure.web.servlet.WebDriverContextCustomizerFactory$Customizer@5a194e10, org.springframework.boot.test.context.filter.ExcludeFilterContextCustomizer@498671c5, org.springframework.boot.test.json.DuplicateJsonObjectContextCustomizerFactory$DuplicateJsonObjectContextCustomizer@f239f10, org.springframework.boot.test.mock.mockito.MockitoContextCustomizer@0, org.springframework.boot.test.web.client.TestRestTemplateContextCustomizer@49f5ed73], resourceBasePath = 'src/main/webapp', contextLoader = 'org.springframework.boot.test.context.SpringBootContextLoader', parent = [null]], attributes = map['org.springframework.test.context.web.ServletTestExecutionListener.activateListener' -> true]], class annotated with @DirtiesContext [false] with mode [null].
13:50:03.398 [Test worker] DEBUG org.springframework.test.annotation.ProfileValueUtils - Retrieved @ProfileValueSourceConfiguration [null] for test class [com.example.hellowrld.HellowrldApplicationTests]
13:50:03.398 [Test worker] DEBUG org.springframework.test.annotation.ProfileValueUtils - Retrieved ProfileValueSource type [class org.springframework.test.annotation.SystemProfileValueSource] for class [com.example.hellowrld.HellowrldApplicationTests]
13:50:03.427 [Test worker] DEBUG org.springframework.test.context.support.TestPropertySourceUtils - Adding inlined properties to environment: {spring.jmx.enabled=false, org.springframework.boot.test.context.SpringBootTestContextBootstrapper=true, server.port=-1}

  .   ____          _            __ _ _
 /\\ / ___'_ __ _ _(_)_ __  __ _ \ \ \ \
( ( )\___ | '_ | '_| | '_ \/ _` | \ \ \ \
 \\/  ___)| |_)| | | | | || (_| |  ) ) ) )
  '  |____| .__|_| |_|_| |_\__, | / / / /
 =========|_|==============|___/=/_/_/_/
 :: Spring Boot ::        (v2.1.9.RELEASE)

2019-10-10 13:50:04.043  INFO 13088 --- [    Test worker] c.e.hellowrld.HellowrldApplicationTests  : Starting HellowrldApplicationTests on trinity-HP-ProBook-6570b with PID 13088 (started by trinity in /home/trinity/Downloads/projects/greenfox/devops/hellowrld)
2019-10-10 13:50:04.047  INFO 13088 --- [    Test worker] c.e.hellowrld.HellowrldApplicationTests  : No active profile set, falling back to default profiles: default
2019-10-10 13:50:06.802  INFO 13088 --- [    Test worker] o.s.s.concurrent.ThreadPoolTaskExecutor  : Initializing ExecutorService 'applicationTaskExecutor'
2019-10-10 13:50:06.979  INFO 13088 --- [    Test worker] o.s.b.a.w.s.WelcomePageHandlerMapping    : Adding welcome page template: index
2019-10-10 13:50:07.400  INFO 13088 --- [    Test worker] c.e.hellowrld.HellowrldApplicationTests  : Started HellowrldApplicationTests in 3.96 seconds (JVM running for 5.299)
]]></system-out>
  <system-err><![CDATA[]]></system-err>
</testsuite>
